[2024-03-12 20:08:01] [ INFO ] [BD:60] se creo la tabla odontologos
[2024-03-12 20:08:01] [ INFO ] [BD:62] se insertó un valor en la tabla odontologos
[2024-03-12 20:09:12] [ INFO ] [OdontologoDaoH2:119] Estamos consultando todos los Odontologos.
[2024-03-12 20:09:57] [ INFO ] [OdontologoDaoH2:119] Estamos consultando todos los Odontologos.
[2024-03-12 20:11:39] [ INFO ] [BD:60] se creo la tabla odontologos
[2024-03-12 20:11:39] [ INFO ] [BD:62] se insertó un valor en la tabla odontologos
[2024-03-12 20:12:06] [ INFO ] [OdontologoDaoH2:119] Estamos consultando todos los Odontologos.
[2024-03-12 20:12:46] [ INFO ] [OdontologoDaoH2:119] Estamos consultando todos los Odontologos.
[2024-03-12 20:16:47] [ INFO ] [BD:60] se creo la tabla odontologos
[2024-03-12 20:16:47] [ INFO ] [BD:62] se insertó un valor en la tabla odontologos
[2024-03-12 20:17:18] [ INFO ] [OdontologoDaoH2:119] Estamos consultando todos los Odontologos.
[2024-03-12 20:18:37] [ INFO ] [BD:60] se creo la tabla odontologos
[2024-03-12 20:18:37] [ INFO ] [BD:62] se insertó un valor en la tabla odontologos
[2024-03-12 20:19:06] [ INFO ] [OdontologoDaoH2:119] Estamos consultando todos los Odontologos.
[2024-03-12 20:20:03] [ INFO ] [BD:60] se creo la tabla odontologos
[2024-03-12 20:20:03] [ INFO ] [BD:62] se insertó un valor en la tabla odontologos
[2024-03-12 20:20:28] [ INFO ] [OdontologoDaoH2:119] Estamos consultando todos los Odontologos.
[2024-03-12 20:21:55] [ INFO ] [BD:60] se creo la tabla odontologos
[2024-03-12 20:21:55] [ INFO ] [BD:62] se insertó un valor en la tabla odontologos
[2024-03-12 20:22:27] [ INFO ] [OdontologoDaoH2:119] Estamos consultando todos los Odontologos.
[2024-03-12 20:23:25] [ INFO ] [BD:60] se creo la tabla odontologos
[2024-03-12 20:23:25] [ INFO ] [BD:62] se insertó un valor en la tabla odontologos
[2024-03-12 20:24:00] [ INFO ] [OdontologoDaoH2:119] Estamos consultando todos los Odontologos.
[2024-03-12 20:24:32] [ INFO ] [BD:60] se creo la tabla odontologos
[2024-03-12 20:24:32] [ INFO ] [BD:62] se insertó un valor en la tabla odontologos
[2024-03-12 20:24:52] [ INFO ] [OdontologoDaoH2:119] Estamos consultando todos los Odontologos.
[2024-03-12 20:25:15] [ INFO ] [OdontologoDaoH2:119] Estamos consultando todos los Odontologos.
[2024-03-12 20:25:31] [ INFO ] [BD:60] se creo la tabla odontologos
[2024-03-12 20:25:31] [ INFO ] [BD:62] se insertó un valor en la tabla odontologos
[2024-03-12 20:25:52] [ INFO ] [OdontologoDaoH2:119] Estamos consultando todos los Odontologos.
[2024-03-12 20:26:47] [ INFO ] [BD:60] se creo la tabla odontologos
[2024-03-12 20:26:47] [ INFO ] [BD:62] se insertó un valor en la tabla odontologos
[2024-03-12 20:27:02] [ INFO ] [OdontologoDaoH2:119] Estamos consultando todos los Odontologos.
[2024-03-12 20:27:40] [ INFO ] [BD:60] se creo la tabla odontologos
[2024-03-12 20:27:40] [ INFO ] [BD:62] se insertó un valor en la tabla odontologos
[2024-03-12 20:28:12] [ INFO ] [OdontologoDaoH2:119] Estamos consultando todos los Odontologos.
[2024-03-12 20:28:36] [ INFO ] [BD:60] se creo la tabla odontologos
[2024-03-12 20:28:36] [ INFO ] [BD:62] se insertó un valor en la tabla odontologos
[2024-03-12 20:28:51] [ INFO ] [OdontologoDaoH2:119] Estamos consultando todos los Odontologos.
[2024-03-12 20:30:17] [ INFO ] [BD:60] se creo la tabla odontologos
[2024-03-12 20:30:17] [ INFO ] [BD:62] se insertó un valor en la tabla odontologos
[2024-03-12 20:30:37] [ INFO ] [OdontologoDaoH2:119] Estamos consultando todos los Odontologos.
[2024-03-12 20:33:55] [ INFO ] [BD:60] se creo la tabla odontologos
[2024-03-12 20:33:55] [ INFO ] [BD:62] se insertó un valor en la tabla odontologos
[2024-03-12 20:34:28] [ INFO ] [OdontologoDaoH2:119] Estamos consultando todos los Odontologos.
[2024-03-12 20:34:52] [ INFO ] [OdontologoDaoH2:25] Estamos guardando un odontologo
[2024-03-12 20:35:02] [ INFO ] [OdontologoDaoH2:119] Estamos consultando todos los Odontologos.
[2024-03-12 20:36:39] [ INFO ] [BD:60] se creo la tabla odontologos
[2024-03-12 20:36:39] [ INFO ] [BD:62] se insertó un valor en la tabla odontologos
[2024-03-12 20:36:59] [ INFO ] [OdontologoDaoH2:119] Estamos consultando todos los Odontologos.
[2024-03-12 20:37:20] [ INFO ] [OdontologoDaoH2:25] Estamos guardando un odontologo
[2024-03-12 20:37:46] [ INFO ] [OdontologoDaoH2:119] Estamos consultando todos los Odontologos.
[2024-03-12 21:39:56] [ INFO ] [BD:60] se creo la tabla odontologos
[2024-03-12 21:39:56] [ INFO ] [BD:62] se insertó un valor en la tabla odontologos
[2024-03-12 21:42:01] [ INFO ] [TurnoController:41] esto trae el turno: com.dh.ClinicMVC.model.Turno@4c329b3
[2024-03-12 21:42:15] [ INFO ] [OdontologoDaoH2:25] Estamos guardando un odontologo
[2024-03-12 21:43:02] [ INFO ] [OdontologoDaoH2:119] Estamos consultando todos los Odontologos.
[2024-03-12 21:43:34] [ INFO ] [DomicilioDaoH2:21] Estamos guardando un paciente
[2024-03-12 21:43:34] [ INFO ] [DomicilioDaoH2:24] Estamos guardando un domicilio
[2024-03-12 21:43:34] [ INFO ] [DomicilioDaoH2:42] Se guardó el domicilio
[2024-03-12 21:43:34] [ INFO ] [DomicilioDaoH2:53] Este es el id: 2
[2024-03-12 21:43:34] [ INFO ] [DomicilioDaoH2:41] SE CREO EL PACIENTE 2
[2024-03-12 21:48:22] [ INFO ] [TurnoController:41] esto trae el turno: com.dh.ClinicMVC.model.Turno@78bf8129
[2024-03-12 21:51:40] [ INFO ] [BD:60] se creo la tabla odontologos
[2024-03-12 21:51:40] [ INFO ] [BD:62] se insertó un valor en la tabla odontologos
[2024-03-12 21:52:43] [ INFO ] [BD:60] se creo la tabla odontologos
[2024-03-12 21:52:43] [ INFO ] [BD:62] se insertó un valor en la tabla odontologos
[2024-03-12 21:53:31] [ INFO ] [BD:60] se creo la tabla odontologos
[2024-03-12 21:53:31] [ INFO ] [BD:62] se insertó un valor en la tabla odontologos
[2024-03-12 21:53:42] [ INFO ] [TurnoController:41] esto trae el turno: com.dh.ClinicMVC.model.Turno@3ed0bc38
[2024-03-12 21:53:59] [ INFO ] [TurnoController:41] esto trae el turno: com.dh.ClinicMVC.model.Turno@43fc4041
[2024-03-12 21:54:54] [ INFO ] [BD:60] se creo la tabla odontologos
[2024-03-12 21:54:54] [ INFO ] [BD:62] se insertó un valor en la tabla odontologos
[2024-03-12 21:55:02] [ INFO ] [TurnoController:41] esto trae el turno: com.dh.ClinicMVC.model.Turno@7b8b970f
[2024-03-12 21:55:29] [ INFO ] [BD:60] se creo la tabla odontologos
[2024-03-12 21:55:29] [ INFO ] [BD:62] se insertó un valor en la tabla odontologos
[2024-03-12 21:55:37] [ INFO ] [TurnoController:41] esto trae el turno: com.dh.ClinicMVC.model.Turno@7f2a2846
[2024-03-12 21:57:38] [ INFO ] [BD:60] se creo la tabla odontologos
[2024-03-12 21:57:38] [ INFO ] [BD:62] se insertó un valor en la tabla odontologos
[2024-03-12 21:57:48] [ INFO ] [TurnoController:41] esto trae el turno: com.dh.ClinicMVC.model.Turno@2d984719
[2024-03-12 22:00:03] [ INFO ] [BD:60] se creo la tabla odontologos
[2024-03-12 22:00:03] [ INFO ] [BD:62] se insertó un valor en la tabla odontologos
[2024-03-12 22:00:13] [ INFO ] [TurnoController:41] esto trae el turno: com.dh.ClinicMVC.model.Turno@278c6173
[2024-03-12 22:00:44] [ INFO ] [BD:60] se creo la tabla odontologos
[2024-03-12 22:00:44] [ INFO ] [BD:62] se insertó un valor en la tabla odontologos
[2024-03-12 22:02:02] [ INFO ] [BD:60] se creo la tabla odontologos
[2024-03-12 22:02:02] [ INFO ] [BD:62] se insertó un valor en la tabla odontologos
[2024-03-12 22:02:11] [ INFO ] [OdontologoDaoH2:27] Estamos guardando un odontologo
[2024-03-12 22:02:15] [ INFO ] [DomicilioDaoH2:23] Estamos guardando un paciente
[2024-03-12 22:02:15] [ INFO ] [DomicilioDaoH2:26] Estamos guardando un domicilio
[2024-03-12 22:02:15] [ INFO ] [DomicilioDaoH2:44] Se guardó el domicilio
[2024-03-12 22:02:16] [ INFO ] [DomicilioDaoH2:55] Este es el id: 2
[2024-03-12 22:02:16] [ INFO ] [DomicilioDaoH2:43] SE CREO EL PACIENTE 2
[2024-03-12 22:02:19] [ INFO ] [TurnoController:41] esto trae el turno: com.dh.ClinicMVC.model.Turno@288ec42f
[2024-03-12 22:12:25] [ INFO ] [OdontologoDaoH2:27] Estamos guardando un odontologo
[2024-03-15 19:31:42] [ INFO ] [BD:60] se creo la tabla odontologos
[2024-03-15 19:31:42] [ INFO ] [BD:62] se insertó un valor en la tabla odontologos
